Model Runner 运行  http://localhost:4000
API 端点：POST http://localhost:4000/chat
GET /health
POST /chat
POST /chat
POST /chat
[health] ⚠️  yunyi degraded（连续1次失败）
[health] ✅ yunyi healthy
[health] ⚠️  ceotech degraded（连续1次失败）
[health] ✅ ceotech healthy
[health] ⚠️  yunyi degraded（连续1次失败）
[health] ✅ yunyi healthy
[health] ⚠️  yunyi degraded（连续1次失败）
[health] ✅ yunyi healthy
POST /chat
POST /chat
POST /chat
[health] ⚠️  yunyi degraded（连续1次失败）
[health] ✅ yunyi healthy
[health] ⚠️  yunyi degraded（连续1次失败）
[health] ✅ yunyi healthy
POST /chat
[health] ⚠️  yunyi degraded（连续1次失败）
[health] ⚠️  ceotech degraded（连续1次失败）
[health] ⚠️  mytokenland degraded（连续1次失败）
[health] ✅ yunyi healthy
[health] ✅ ceotech healthy
[health] ✅ mytokenland healthy
POST /chat
POST /chat
POST /chat
POST /chat
POST /chat
POST /chat
POST /chat
POST /chat
POST /chat
[health] ⚠️  yunyi degraded（连续1次失败）
[health] ✅ yunyi healthy
[health] ⚠️  yunyi degraded（连续1次失败）
[health] ✅ yunyi healthy
[health] ⚠️  yunyi degraded（连续1次失败）
[health] 🔴 yunyi 熔断开启（连续2次失败）
[health] 🔴 yunyi 熔断开启（连续3次失败）
[health] 🔴 yunyi 熔断开启（连续4次失败）
[health] 🔴 yunyi 熔断开启（连续5次失败）
[health] 🔴 yunyi 熔断开启（连续6次失败）
[health] 🔴 yunyi 熔断开启（连续7次失败）
[health] 🔴 yunyi 熔断开启（连续8次失败）
[health] 🔴 yunyi 熔断开启（连续9次失败）
[health] 🔴 yunyi 熔断开启（连续10次失败）
[health] 🔴 yunyi 熔断开启（连续11次失败）
[health] 🔴 yunyi 熔断开启（连续12次失败）
[health] 🔴 yunyi 熔断开启（连续13次失败）
[health] 🔴 yunyi 熔断开启（连续14次失败）
[health] 🔴 yunyi 熔断开启（连续15次失败）
[health] 🔴 yunyi 熔断开启（连续16次失败）
[health] 🔴 yunyi 熔断开启（连续17次失败）
[health] 🔴 yunyi 熔断开启（连续18次失败）
[health] 🔴 yunyi 熔断开启（连续19次失败）
[health] 🔴 yunyi 熔断开启（连续20次失败）
[health] 🔴 yunyi 熔断开启（连续21次失败）
[health] 🔴 yunyi 熔断开启（连续22次失败）
[health] 🔴 yunyi 熔断开启（连续23次失败）
[health] 🔴 yunyi 熔断开启（连续24次失败）
[health] 🔴 yunyi 熔断开启（连续25次失败）
[health] 🔴 yunyi 熔断开启（连续26次失败）
[health] 🔴 yunyi 熔断开启（连续27次失败）
[health] 🔴 yunyi 熔断开启（连续28次失败）
[health] 🔴 yunyi 熔断开启（连续29次失败）
[health] 🔴 yunyi 熔断开启（连续30次失败）
[health] 🔴 yunyi 熔断开启（连续31次失败）
[health] 🔴 yunyi 熔断开启（连续32次失败）
[health] 🔴 yunyi 熔断开启（连续33次失败）
[health] 🔴 yunyi 熔断开启（连续34次失败）
[health] 🔴 yunyi 熔断开启（连续35次失败）
[health] 🔴 yunyi 熔断开启（连续36次失败）
[health] 🔴 yunyi 熔断开启（连续37次失败）
[health] 🔴 yunyi 熔断开启（连续38次失败）
[health] 🔴 yunyi 熔断开启（连续39次失败）
[health] 🔴 yunyi 熔断开启（连续40次失败）
[health] 🔴 yunyi 熔断开启（连续41次失败）
[health] 🔴 yunyi 熔断开启（连续42次失败）
[health] 🔴 yunyi 熔断开启（连续43次失败）
[health] 🔴 yunyi 熔断开启（连续44次失败）
[health] 🔴 yunyi 熔断开启（连续45次失败）
[health] 🔴 yunyi 熔断开启（连续46次失败）
[health] 🔴 yunyi 熔断开启（连续47次失败）
[health] 🔴 yunyi 熔断开启（连续48次失败）
[health] 🔴 yunyi 熔断开启（连续49次失败）
[health] 🔴 yunyi 熔断开启（连续50次失败）
[health] 🔴 yunyi 熔断开启（连续51次失败）
[health] 🔴 yunyi 熔断开启（连续52次失败）
[health] 🔴 yunyi 熔断开启（连续53次失败）
[health] 🔴 yunyi 熔断开启（连续54次失败）
[health] 🔴 yunyi 熔断开启（连续55次失败）
[health] 🔴 yunyi 熔断开启（连续56次失败）
[health] 🔴 yunyi 熔断开启（连续57次失败）
[health] 🔴 yunyi 熔断开启（连续58次失败）
[health] 🔴 yunyi 熔断开启（连续59次失败）
[health] 🔴 yunyi 熔断开启（连续60次失败）
[health] 🔴 yunyi 熔断开启（连续61次失败）
[health] 🔴 yunyi 熔断开启（连续62次失败）
[health] 🔴 yunyi 熔断开启（连续63次失败）
[health] 🔴 yunyi 熔断开启（连续64次失败）
[health] 🔴 yunyi 熔断开启（连续65次失败）
[health] 🔴 yunyi 熔断开启（连续66次失败）
[health] 🔴 yunyi 熔断开启（连续67次失败）
[health] 🔴 yunyi 熔断开启（连续68次失败）
[health] 🔴 yunyi 熔断开启（连续69次失败）
[health] 🔴 yunyi 熔断开启（连续70次失败）
[health] 🔴 yunyi 熔断开启（连续71次失败）
[health] 🔴 yunyi 熔断开启（连续72次失败）
[health] 🔴 yunyi 熔断开启（连续73次失败）
[health] 🔴 yunyi 熔断开启（连续74次失败）
[health] 🔴 yunyi 熔断开启（连续75次失败）
[health] 🔴 yunyi 熔断开启（连续76次失败）
[health] 🔴 yunyi 熔断开启（连续77次失败）
[health] 🔴 yunyi 熔断开启（连续78次失败）
[health] 🔴 yunyi 熔断开启（连续79次失败）
[health] 🔴 yunyi 熔断开启（连续80次失败）
[health] 🔴 yunyi 熔断开启（连续81次失败）
[health] 🔴 yunyi 熔断开启（连续82次失败）
[health] 🔴 yunyi 熔断开启（连续83次失败）
[health] 🔴 yunyi 熔断开启（连续84次失败）
[health] 🔴 yunyi 熔断开启（连续85次失败）
[health] 🔴 yunyi 熔断开启（连续86次失败）
[health] 🔴 yunyi 熔断开启（连续87次失败）
[health] 🔴 yunyi 熔断开启（连续88次失败）
[health] 🔴 yunyi 熔断开启（连续89次失败）
[health] 🔴 yunyi 熔断开启（连续90次失败）
[health] 🔴 yunyi 熔断开启（连续91次失败）
[health] 🔴 yunyi 熔断开启（连续92次失败）
[health] 🔴 yunyi 熔断开启（连续93次失败）
[health] 🔴 yunyi 熔断开启（连续94次失败）
[health] 🔴 yunyi 熔断开启（连续95次失败）
[health] 🔴 yunyi 熔断开启（连续96次失败）
[health] 🔴 yunyi 熔断开启（连续97次失败）
[health] 🔴 yunyi 熔断开启（连续98次失败）
[health] 🔴 yunyi 熔断开启（连续99次失败）
[health] 🔴 yunyi 熔断开启（连续100次失败）
[health] 🔴 yunyi 熔断开启（连续101次失败）
[health] 🔴 yunyi 熔断开启（连续102次失败）
[health] 🔴 yunyi 熔断开启（连续103次失败）
[health] 🔴 yunyi 熔断开启（连续104次失败）
[health] 🔴 yunyi 熔断开启（连续105次失败）
[health] 🔴 yunyi 熔断开启（连续106次失败）
[health] 🔴 yunyi 熔断开启（连续107次失败）
[health] 🔴 yunyi 熔断开启（连续108次失败）
[health] 🔴 yunyi 熔断开启（连续109次失败）
[health] 🔴 yunyi 熔断开启（连续110次失败）
[health] 🔴 yunyi 熔断开启（连续111次失败）
[health] 🔴 yunyi 熔断开启（连续112次失败）
[health] 🔴 yunyi 熔断开启（连续113次失败）
[health] 🔴 yunyi 熔断开启（连续114次失败）
[health] 🔴 yunyi 熔断开启（连续115次失败）
[health] 🔴 yunyi 熔断开启（连续116次失败）
[health] 🔴 yunyi 熔断开启（连续117次失败）
[health] 🔴 yunyi 熔断开启（连续118次失败）
[health] 🔴 yunyi 熔断开启（连续119次失败）
[health] 🔴 yunyi 熔断开启（连续120次失败）
[health] 🔴 yunyi 熔断开启（连续121次失败）
[health] 🔴 yunyi 熔断开启（连续122次失败）
[health] 🔴 yunyi 熔断开启（连续123次失败）
[health] 🔴 yunyi 熔断开启（连续124次失败）
[health] 🔴 yunyi 熔断开启（连续125次失败）
[health] 🔴 yunyi 熔断开启（连续126次失败）
[health] 🔴 yunyi 熔断开启（连续127次失败）
[health] 🔴 yunyi 熔断开启（连续128次失败）
[health] 🔴 yunyi 熔断开启（连续129次失败）
[health] 🔴 yunyi 熔断开启（连续130次失败）
[health] 🔴 yunyi 熔断开启（连续131次失败）
[health] 🔴 yunyi 熔断开启（连续132次失败）
[health] 🔴 yunyi 熔断开启（连续133次失败）
[health] 🔴 yunyi 熔断开启（连续134次失败）
[health] 🔴 yunyi 熔断开启（连续135次失败）
[health] 🔴 yunyi 熔断开启（连续136次失败）
[health] 🔴 yunyi 熔断开启（连续137次失败）
[health] 🔴 yunyi 熔断开启（连续138次失败）
[health] 🔴 yunyi 熔断开启（连续139次失败）
[health] 🔴 yunyi 熔断开启（连续140次失败）
[health] 🔴 yunyi 熔断开启（连续141次失败）
[health] 🔴 yunyi 熔断开启（连续142次失败）
[health] 🔴 yunyi 熔断开启（连续143次失败）
[health] 🔴 yunyi 熔断开启（连续144次失败）
[health] 🔴 yunyi 熔断开启（连续145次失败）
[health] 🔴 yunyi 熔断开启（连续146次失败）
[health] 🔴 yunyi 熔断开启（连续147次失败）
[health] 🔴 yunyi 熔断开启（连续148次失败）
[health] 🔴 yunyi 熔断开启（连续149次失败）
[health] 🔴 yunyi 熔断开启（连续150次失败）
[health] 🔴 yunyi 熔断开启（连续151次失败）
[health] 🔴 yunyi 熔断开启（连续152次失败）
[health] 🔴 yunyi 熔断开启（连续153次失败）
[health] 🔴 yunyi 熔断开启（连续154次失败）
[health] 🔴 yunyi 熔断开启（连续155次失败）
[health] 🔴 yunyi 熔断开启（连续156次失败）
[health] 🔴 yunyi 熔断开启（连续157次失败）
[health] 🔴 yunyi 熔断开启（连续158次失败）
[health] 🔴 yunyi 熔断开启（连续159次失败）
[health] 🔴 yunyi 熔断开启（连续160次失败）
[health] 🔴 yunyi 熔断开启（连续161次失败）
[health] 🔴 yunyi 熔断开启（连续162次失败）
[health] 🔴 yunyi 熔断开启（连续163次失败）
[health] 🔴 yunyi 熔断开启（连续164次失败）
[health] 🔴 yunyi 熔断开启（连续165次失败）
[health] 🔴 yunyi 熔断开启（连续166次失败）
[health] 🔴 yunyi 熔断开启（连续167次失败）
[health] 🔴 yunyi 熔断开启（连续168次失败）
[health] 🔴 yunyi 熔断开启（连续169次失败）
[health] 🔴 yunyi 熔断开启（连续170次失败）
[health] 🔴 yunyi 熔断开启（连续171次失败）
[health] 🔴 yunyi 熔断开启（连续172次失败）
[health] 🔴 yunyi 熔断开启（连续173次失败）
[health] 🔴 yunyi 熔断开启（连续174次失败）
[health] 🔴 yunyi 熔断开启（连续175次失败）
[health] 🔴 yunyi 熔断开启（连续176次失败）
[health] 🔴 yunyi 熔断开启（连续177次失败）
[health] 🔴 yunyi 熔断开启（连续178次失败）
[health] 🔴 yunyi 熔断开启（连续179次失败）
[health] 🔴 yunyi 熔断开启（连续180次失败）
[health] 🔴 yunyi 熔断开启（连续181次失败）
[health] 🔴 yunyi 熔断开启（连续182次失败）
[health] 🔴 yunyi 熔断开启（连续183次失败）
[health] 🔴 yunyi 熔断开启（连续184次失败）
[health] 🔴 yunyi 熔断开启（连续185次失败）
[health] 🔴 yunyi 熔断开启（连续186次失败）
[health] 🔴 yunyi 熔断开启（连续187次失败）
[health] 🔴 yunyi 熔断开启（连续188次失败）
[health] 🔴 yunyi 熔断开启（连续189次失败）
[health] 🔴 yunyi 熔断开启（连续190次失败）
[health] 🔴 yunyi 熔断开启（连续191次失败）
[health] 🔴 yunyi 熔断开启（连续192次失败）
[health] 🔴 yunyi 熔断开启（连续193次失败）
[health] 🔴 yunyi 熔断开启（连续194次失败）
[health] 🔴 yunyi 熔断开启（连续195次失败）
[health] 🔴 yunyi 熔断开启（连续196次失败）
[health] 🔴 yunyi 熔断开启（连续197次失败）
[health] 🔴 yunyi 熔断开启（连续198次失败）
[health] 🔴 yunyi 熔断开启（连续199次失败）
[health] 🔴 yunyi 熔断开启（连续200次失败）
[health] 🔴 yunyi 熔断开启（连续201次失败）
[health] 🔴 yunyi 熔断开启（连续202次失败）
[health] 🔴 yunyi 熔断开启（连续203次失败）
[health] 🔴 yunyi 熔断开启（连续204次失败）
[health] 🔴 yunyi 熔断开启（连续205次失败）
[health] 🔴 yunyi 熔断开启（连续206次失败）
[health] 🔴 yunyi 熔断开启（连续207次失败）
[health] 🔴 yunyi 熔断开启（连续208次失败）
[health] 🔴 yunyi 熔断开启（连续209次失败）
[health] 🔴 yunyi 熔断开启（连续210次失败）
[health] 🔴 yunyi 熔断开启（连续211次失败）
[health] 🔴 yunyi 熔断开启（连续212次失败）
[health] 🔴 yunyi 熔断开启（连续213次失败）
[health] 🔴 yunyi 熔断开启（连续214次失败）
[health] 🔴 yunyi 熔断开启（连续215次失败）
[health] 🔴 yunyi 熔断开启（连续216次失败）
[health] 🔴 yunyi 熔断开启（连续217次失败）
[health] 🔴 yunyi 熔断开启（连续218次失败）
[health] 🔴 yunyi 熔断开启（连续219次失败）
[health] 🔴 yunyi 熔断开启（连续220次失败）
[health] 🔴 yunyi 熔断开启（连续221次失败）
[health] 🔴 yunyi 熔断开启（连续222次失败）
[health] 🔴 yunyi 熔断开启（连续223次失败）
[health] 🔴 yunyi 熔断开启（连续224次失败）
[health] 🔴 yunyi 熔断开启（连续225次失败）
[health] 🔴 yunyi 熔断开启（连续226次失败）
[health] 🔴 yunyi 熔断开启（连续227次失败）
[health] 🔴 yunyi 熔断开启（连续228次失败）
[health] 🔴 yunyi 熔断开启（连续229次失败）
[health] 🔴 yunyi 熔断开启（连续230次失败）
[health] 🔴 yunyi 熔断开启（连续231次失败）
[health] 🔴 yunyi 熔断开启（连续232次失败）
[health] 🔴 yunyi 熔断开启（连续233次失败）
[health] 🔴 yunyi 熔断开启（连续234次失败）
[health] 🔴 yunyi 熔断开启（连续235次失败）
[health] 🔴 yunyi 熔断开启（连续236次失败）
[health] 🔴 yunyi 熔断开启（连续237次失败）
[health] 🔴 yunyi 熔断开启（连续238次失败）
[health] 🔴 yunyi 熔断开启（连续239次失败）
[health] 🔴 yunyi 熔断开启（连续240次失败）
[health] 🔴 yunyi 熔断开启（连续241次失败）
[health] 🔴 yunyi 熔断开启（连续242次失败）
[health] 🔴 yunyi 熔断开启（连续243次失败）
[health] 🔴 yunyi 熔断开启（连续244次失败）
[health] 🔴 yunyi 熔断开启（连续245次失败）
[health] 🔴 yunyi 熔断开启（连续246次失败）
[health] 🔴 yunyi 熔断开启（连续247次失败）
[health] 🔴 yunyi 熔断开启（连续248次失败）
[health] 🔴 yunyi 熔断开启（连续249次失败）
[health] 🔴 yunyi 熔断开启（连续250次失败）
[health] 🔴 yunyi 熔断开启（连续251次失败）
[health] 🔴 yunyi 熔断开启（连续252次失败）
[health] 🔴 yunyi 熔断开启（连续253次失败）
[health] 🔴 yunyi 熔断开启（连续254次失败）
[health] 🔴 yunyi 熔断开启（连续255次失败）
[health] 🔴 yunyi 熔断开启（连续256次失败）
[health] 🔴 yunyi 熔断开启（连续257次失败）
[health] 🔴 yunyi 熔断开启（连续258次失败）
[health] 🔴 yunyi 熔断开启（连续259次失败）
[health] 🔴 yunyi 熔断开启（连续260次失败）
[health] 🔴 yunyi 熔断开启（连续261次失败）
[health] 🔴 yunyi 熔断开启（连续262次失败）
[health] 🔴 yunyi 熔断开启（连续263次失败）
[health] 🔴 yunyi 熔断开启（连续264次失败）
[health] 🔴 yunyi 熔断开启（连续265次失败）
[health] 🔴 yunyi 熔断开启（连续266次失败）
[health] 🔴 yunyi 熔断开启（连续267次失败）
[health] 🔴 yunyi 熔断开启（连续268次失败）
[health] 🔴 yunyi 熔断开启（连续269次失败）
[health] 🔴 yunyi 熔断开启（连续270次失败）
[health] 🔴 yunyi 熔断开启（连续271次失败）
[health] 🔴 yunyi 熔断开启（连续272次失败）
[health] 🔴 yunyi 熔断开启（连续273次失败）
[health] 🔴 yunyi 熔断开启（连续274次失败）
[health] 🔴 yunyi 熔断开启（连续275次失败）
[health] 🔴 yunyi 熔断开启（连续276次失败）
[health] 🔴 yunyi 熔断开启（连续277次失败）
[health] 🔴 yunyi 熔断开启（连续278次失败）
[health] 🔴 yunyi 熔断开启（连续279次失败）
[health] 🔴 yunyi 熔断开启（连续280次失败）
[health] 🔴 yunyi 熔断开启（连续281次失败）
[health] 🔴 yunyi 熔断开启（连续282次失败）
[health] 🔴 yunyi 熔断开启（连续283次失败）
[health] 🔴 yunyi 熔断开启（连续284次失败）
[health] 🔴 yunyi 熔断开启（连续285次失败）
[health] 🔴 yunyi 熔断开启（连续286次失败）
[health] 🔴 yunyi 熔断开启（连续287次失败）
[health] 🔴 yunyi 熔断开启（连续288次失败）
[health] 🔴 yunyi 熔断开启（连续289次失败）
[health] 🔴 yunyi 熔断开启（连续290次失败）
[health] 🔴 yunyi 熔断开启（连续291次失败）
[health] 🔴 yunyi 熔断开启（连续292次失败）
[health] 🔴 yunyi 熔断开启（连续293次失败）
[health] 🔴 yunyi 熔断开启（连续294次失败）
[health] 🔴 yunyi 熔断开启（连续295次失败）
[health] 🔴 yunyi 熔断开启（连续296次失败）
[health] 🔴 yunyi 熔断开启（连续297次失败）
[health] 🔴 yunyi 熔断开启（连续298次失败）
[health] 🔴 yunyi 熔断开启（连续299次失败）
[health] 🔴 yunyi 熔断开启（连续300次失败）
[health] 🔴 yunyi 熔断开启（连续301次失败）
[health] 🔴 yunyi 熔断开启（连续302次失败）
[health] 🔴 yunyi 熔断开启（连续303次失败）
[health] 🔴 yunyi 熔断开启（连续304次失败）
[health] 🔴 yunyi 熔断开启（连续305次失败）
[health] 🔴 yunyi 熔断开启（连续306次失败）
[health] 🔴 yunyi 熔断开启（连续307次失败）
[health] 🔴 yunyi 熔断开启（连续308次失败）
[health] 🔴 yunyi 熔断开启（连续309次失败）
[health] 🔴 yunyi 熔断开启（连续310次失败）
